<?xml version="1.0" encoding="UTF-8"?>
<testsuites>
    <testsuite name="imdb-search;search-for-a-movie-using-&quot;chevy-chase&quot;" tests="4" failures="0" skipped="0">
        <properties>
            <property name="URI" value="/Users/lisa/Desktop/JavaScript-kurs/coffeeMachine/cucumber-exempel-2/imdb-search/features/imdb_search.feature">
            </property>
        </properties>
        <testcase name="Given that I am on the IMDB website" classname="imdb-search;search-for-a-movie-using-&quot;chevy-chase&quot;" time="11.015981216">
        </testcase>
        <testcase name="When I enter &quot;Chevy Chase&quot; in a search field" classname="imdb-search;search-for-a-movie-using-&quot;chevy-chase&quot;" time="1.097643419">
        </testcase>
        <testcase name="And I click the search button" classname="imdb-search;search-for-a-movie-using-&quot;chevy-chase&quot;" time="2.414755535">
        </testcase>
        <testcase name="Then I find the corresponding &quot;Chevy Chase&quot; in the search results" classname="imdb-search;search-for-a-movie-using-&quot;chevy-chase&quot;" time="0.030380912">
        </testcase>
    </testsuite>
    <testsuite name="imdb-search;search-for-a-movie-using-&quot;colin-firth&quot;" tests="4" failures="0" skipped="0">
        <properties>
            <property name="URI" value="/Users/lisa/Desktop/JavaScript-kurs/coffeeMachine/cucumber-exempel-2/imdb-search/features/imdb_search.feature">
            </property>
        </properties>
        <testcase name="Given that I am on the IMDB website" classname="imdb-search;search-for-a-movie-using-&quot;colin-firth&quot;" time="7.183038177">
        </testcase>
        <testcase name="When I enter &quot;Colin Firth&quot; in a search field" classname="imdb-search;search-for-a-movie-using-&quot;colin-firth&quot;" time="1.108387656">
        </testcase>
        <testcase name="And I click the search button" classname="imdb-search;search-for-a-movie-using-&quot;colin-firth&quot;" time="3.006298553">
        </testcase>
        <testcase name="Then I find the corresponding &quot;Colin Firth&quot; in the search results" classname="imdb-search;search-for-a-movie-using-&quot;colin-firth&quot;" time="0.043463342">
        </testcase>
    </testsuite>
</testsuites>